<?xml version="1.0" encoding="UTF-8"?>
<Site BuildName="Linux-g++"
	BuildStamp="20231227-1407-Experimental"
	Name="nobara-pc"
	Generator="ctest-3.27.7"
	CompilerName="/usr/bin/g++"
	CompilerVersion="13.2.1"
	OSName="Linux"
	Hostname="nobara-pc"
	OSRelease="6.5.9-201.fsync.fc38.x86_64"
	OSVersion="#1 SMP PREEMPT_DYNAMIC Tue Oct 31 20:31:40 UTC 2023"
	OSPlatform="x86_64"
	Is64Bits="1"
	VendorString="GenuineIntel"
	VendorID="Intel Corporation"
	FamilyID="6"
	ModelID="158"
	ProcessorCacheSize="3072"
	NumberOfLogicalCPU="4"
	NumberOfPhysicalCPU="2"
	TotalVirtualMemory="16877"
	TotalPhysicalMemory="7866"
	LogicalProcessorsPerPhysical="2"
	ProcessorClockFrequency="3500.01"
	>
	<Testing>
		<StartDateTime>Dec 27 16:36 EET</StartDateTime>
		<StartTestTime>1703687765</StartTestTime>
		<TestList>
			<Test>./tests/inverted_index_write_test_multithread</Test>
		</TestList>
		<Test Status="passed">
			<Name>inverted_index_write_test_multithread</Name>
			<Path>./tests</Path>
			<FullName>./tests/inverted_index_write_test_multithread</FullName>
			<FullCommandLine>/home/teh-phoenix/Documents/7/KPI7_PC_CW/build/tests/CommonCxxTests "inverted_index_write_test_multithread"</FullCommandLine>
			<Results>
				<NamedMeasurement type="numeric/double" name="Execution Time">
					<Value>0.00706898</Value>
				</NamedMeasurement>
				<NamedMeasurement type="numeric/double" name="Processors">
					<Value>1</Value>
				</NamedMeasurement>
				<NamedMeasurement type="text/string" name="Completion Status">
					<Value>Completed</Value>
				</NamedMeasurement>
				<NamedMeasurement type="text/string" name="Command Line">
					<Value>/home/teh-phoenix/Documents/7/KPI7_PC_CW/build/tests/CommonCxxTests "inverted_index_write_test_multithread"</Value>
				</NamedMeasurement>
				<NamedMeasurement type="text/string" name="Environment">
					<Value>#CTEST_RESOURCE_GROUP_COUNT=</Value>
				</NamedMeasurement>
				<Measurement>
					<Value></Value>
				</Measurement>
			</Results>
		</Test>
		<EndDateTime>Dec 27 16:36 EET</EndDateTime>
		<EndTestTime>1703687765</EndTestTime>
		<ElapsedMinutes>0</ElapsedMinutes>
	</Testing>
</Site>
