Start testing: Dec 18 19:38 EET
----------------------------------------------------------
2/2 Testing: inverted_index_write_test_single
2/2 Test: inverted_index_write_test_single
Command: "/home/teh-phoenix/Documents/7/KPI7_PC_CW/build/tests/CommonCxxTests" "inverted_index_write_test_single"
Directory: /home/teh-phoenix/Documents/7/KPI7_PC_CW/build/tests
"inverted_index_write_test_single" start time: Dec 18 19:38 EET
Output:
----------------------------------------------------------
<end of output>
Test time =   0.00 sec
----------------------------------------------------------
Test Passed.
"inverted_index_write_test_single" end time: Dec 18 19:38 EET
"inverted_index_write_test_single" time elapsed: 00:00:00
----------------------------------------------------------

End testing: Dec 18 19:38 EET
