Start testing: Dec 29 20:41 EET
----------------------------------------------------------
5/5 Testing: thread_pool_completion_test
5/5 Test: thread_pool_completion_test
Command: "/home/teh-phoenix/Documents/7/KPI7_PC_CW/build/tests/CommonCxxTests" "thread_pool_completion_test"
Directory: /home/teh-phoenix/Documents/7/KPI7_PC_CW/build/tests
"thread_pool_completion_test" start time: Dec 29 20:41 EET
Output:
----------------------------------------------------------
<end of output>
Test time =   1.02 sec
----------------------------------------------------------
Test Passed.
"thread_pool_completion_test" end time: Dec 29 20:41 EET
"thread_pool_completion_test" time elapsed: 00:00:01
----------------------------------------------------------

End testing: Dec 29 20:41 EET
