Start testing: Dec 27 16:36 EET
----------------------------------------------------------
3/3 Testing: inverted_index_write_test_multithread
3/3 Test: inverted_index_write_test_multithread
Command: "/home/teh-phoenix/Documents/7/KPI7_PC_CW/build/tests/CommonCxxTests" "inverted_index_write_test_multithread"
Directory: /home/teh-phoenix/Documents/7/KPI7_PC_CW/build/tests
"inverted_index_write_test_multithread" start time: Dec 27 16:36 EET
Output:
----------------------------------------------------------
<end of output>
Test time =   0.01 sec
----------------------------------------------------------
Test Passed.
"inverted_index_write_test_multithread" end time: Dec 27 16:36 EET
"inverted_index_write_test_multithread" time elapsed: 00:00:00
----------------------------------------------------------

End testing: Dec 27 16:36 EET
