Start testing: Dec 13 20:04 EET
----------------------------------------------------------
1/1 Testing: thread_pool_completion_test
1/1 Test: thread_pool_completion_test
Command: "/home/teh-phoenix/Documents/7/KPI7_PC_CW/build/tests/CommonCxxTests" "thread_pool_completion_test"
Directory: /home/teh-phoenix/Documents/7/KPI7_PC_CW/build/tests
"thread_pool_completion_test" start time: Dec 13 20:04 EET
Output:
----------------------------------------------------------
<end of output>
Test time =   1.00 sec
----------------------------------------------------------
Test Passed.
"thread_pool_completion_test" end time: Dec 13 20:04 EET
"thread_pool_completion_test" time elapsed: 00:00:01
----------------------------------------------------------

End testing: Dec 13 20:04 EET
