Start testing: Dec 13 19:15 EET
----------------------------------------------------------
1/2 Testing: CommonCxxTests
1/2 Test: CommonCxxTests
Command: "/home/teh-phoenix/Documents/7/KPI7_PC_CW/build/tests/CommonCxxTests" "CommonCxxTests"
Directory: /home/teh-phoenix/Documents/7/KPI7_PC_CW/build/tests
"CommonCxxTests" start time: Dec 13 19:15 EET
Output:
----------------------------------------------------------
Available tests:
  0. thread_pool_completion_test
Failed: CommonCxxTests is an invalid test name.
<end of output>
Test time =   0.00 sec
----------------------------------------------------------
Test Failed.
"CommonCxxTests" end time: Dec 13 19:15 EET
"CommonCxxTests" time elapsed: 00:00:00
----------------------------------------------------------

2/2 Testing: thread_pool_completion_test
2/2 Test: thread_pool_completion_test
Command: "/home/teh-phoenix/Documents/7/KPI7_PC_CW/build/tests/CommonCxxTests" "thread_pool_completion_test"
Directory: /home/teh-phoenix/Documents/7/KPI7_PC_CW/build/tests
"thread_pool_completion_test" start time: Dec 13 19:15 EET
Output:
----------------------------------------------------------
<end of output>
Test time =   0.00 sec
----------------------------------------------------------
Test Passed.
"thread_pool_completion_test" end time: Dec 13 19:15 EET
"thread_pool_completion_test" time elapsed: 00:00:00
----------------------------------------------------------

End testing: Dec 13 19:15 EET
