<?xml version="1.0" encoding="UTF-8"?>
<Site BuildName="Linux-g++"
	BuildStamp="20231229-0727-Experimental"
	Name="nobara-pc"
	Generator="ctest-3.27.7"
	CompilerName="/usr/bin/g++"
	CompilerVersion="13.2.1"
	OSName="Linux"
	Hostname="nobara-pc"
	OSRelease="6.5.9-201.fsync.fc38.x86_64"
	OSVersion="#1 SMP PREEMPT_DYNAMIC Tue Oct 31 20:31:40 UTC 2023"
	OSPlatform="x86_64"
	Is64Bits="1"
	VendorString="GenuineIntel"
	VendorID="Intel Corporation"
	FamilyID="6"
	ModelID="158"
	ProcessorCacheSize="3072"
	NumberOfLogicalCPU="4"
	NumberOfPhysicalCPU="2"
	TotalVirtualMemory="16877"
	TotalPhysicalMemory="7866"
	LogicalProcessorsPerPhysical="2"
	ProcessorClockFrequency="3500.02"
	>
	<Testing>
		<StartDateTime>Dec 29 12:38 EET</StartDateTime>
		<StartTestTime>1703846328</StartTestTime>
		<TestList>
			<Test>./tests/thread_pool_thread_count_test</Test>
		</TestList>
		<Test Status="passed">
			<Name>thread_pool_thread_count_test</Name>
			<Path>./tests</Path>
			<FullName>./tests/thread_pool_thread_count_test</FullName>
			<FullCommandLine>/home/teh-phoenix/Documents/7/KPI7_PC_CW/build/tests/CommonCxxTests "thread_pool_thread_count_test"</FullCommandLine>
			<Results>
				<NamedMeasurement type="numeric/double" name="Execution Time">
					<Value>0.00332482</Value>
				</NamedMeasurement>
				<NamedMeasurement type="numeric/double" name="Processors">
					<Value>1</Value>
				</NamedMeasurement>
				<NamedMeasurement type="text/string" name="Completion Status">
					<Value>Completed</Value>
				</NamedMeasurement>
				<NamedMeasurement type="text/string" name="Command Line">
					<Value>/home/teh-phoenix/Documents/7/KPI7_PC_CW/build/tests/CommonCxxTests "thread_pool_thread_count_test"</Value>
				</NamedMeasurement>
				<NamedMeasurement type="text/string" name="Environment">
					<Value>#CTEST_RESOURCE_GROUP_COUNT=</Value>
				</NamedMeasurement>
				<Measurement>
					<Value></Value>
				</Measurement>
			</Results>
		</Test>
		<EndDateTime>Dec 29 12:38 EET</EndDateTime>
		<EndTestTime>1703846328</EndTestTime>
		<ElapsedMinutes>0</ElapsedMinutes>
	</Testing>
</Site>
