<?xml version="1.0" encoding="UTF-8"?>
<Site BuildName="Linux-g++"
	BuildStamp="20231214-1528-Experimental"
	Name="nobara-pc"
	Generator="ctest-3.27.7"
	CompilerName="/usr/bin/g++"
	CompilerVersion="13.2.1"
	OSName="Linux"
	Hostname="nobara-pc"
	OSRelease="6.5.9-201.fsync.fc38.x86_64"
	OSVersion="#1 SMP PREEMPT_DYNAMIC Tue Oct 31 20:31:40 UTC 2023"
	OSPlatform="x86_64"
	Is64Bits="1"
	VendorString="GenuineIntel"
	VendorID="Intel Corporation"
	FamilyID="6"
	ModelID="158"
	ProcessorCacheSize="3072"
	NumberOfLogicalCPU="4"
	NumberOfPhysicalCPU="2"
	TotalVirtualMemory="16877"
	TotalPhysicalMemory="7866"
	LogicalProcessorsPerPhysical="2"
	ProcessorClockFrequency="3499.98"
	>
	<Testing>
		<StartDateTime>Dec 14 20:17 EET</StartDateTime>
		<StartTestTime>1702577870</StartTestTime>
		<TestList/>
		<EndDateTime>Dec 14 20:17 EET</EndDateTime>
		<EndTestTime>1702577870</EndTestTime>
		<ElapsedMinutes>0</ElapsedMinutes>
	</Testing>
</Site>
